[2m2022-05-18 14:43:17.607[0;39m [32m INFO[0;39m [35m9464[0;39m [2m---[0;39m [2m[  restartedMain][0;39m [36m.e.DevToolsPropertyDefaultsPostProcessor[0;39m [2m:[0;39m Devtools property defaults active! Set 'spring.devtools.add-properties' to 'false' to disable
[2m2022-05-18 14:43:17.612[0;39m [32m INFO[0;39m [35m9464[0;39m [2m---[0;39m [2m[  restartedMain][0;39m [36m.e.DevToolsPropertyDefaultsPostProcessor[0;39m [2m:[0;39m For additional web related logging consider setting the 'logging.level.web' property to 'DEBUG'
[2m2022-05-18 14:43:19.049[0;39m [32m INFO[0;39m [35m9464[0;39m [2m---[0;39m [2m[  restartedMain][0;39m [36mo.s.b.w.embedded.tomcat.TomcatWebServer [0;39m [2m:[0;39m Tomcat initialized with port(s): 9999 (http)
[2m2022-05-18 14:43:19.597[0;39m [32m INFO[0;39m [35m9464[0;39m [2m---[0;39m [2m[  restartedMain][0;39m [36mw.s.c.ServletWebServerApplicationContext[0;39m [2m:[0;39m Root WebApplicationContext: initialization completed in 1984 ms
[2m2022-05-18 14:43:21.768[0;39m [32m INFO[0;39m [35m9464[0;39m [2m---[0;39m [2m[  restartedMain][0;39m [36mo.s.b.d.a.OptionalLiveReloadServer      [0;39m [2m:[0;39m LiveReload server is running on port 35729
[2m2022-05-18 14:43:22.258[0;39m [32m INFO[0;39m [35m9464[0;39m [2m---[0;39m [2m[  restartedMain][0;39m [36mo.s.b.w.embedded.tomcat.TomcatWebServer [0;39m [2m:[0;39m Tomcat started on port(s): 9999 (http) with context path '/vue'
[2m2022-05-18 14:50:06.681[0;39m [32m INFO[0;39m [35m9464[0;39m [2m---[0;39m [2m[nio-9999-exec-2][0;39m [36mo.s.web.servlet.DispatcherServlet       [0;39m [2m:[0;39m Initializing Servlet 'dispatcherServlet'
[2m2022-05-18 14:50:06.682[0;39m [32m INFO[0;39m [35m9464[0;39m [2m---[0;39m [2m[nio-9999-exec-2][0;39m [36mo.s.web.servlet.DispatcherServlet       [0;39m [2m:[0;39m Completed initialization in 1 ms
[2m2022-05-18 14:50:07.084[0;39m [32mDEBUG[0;39m [35m9464[0;39m [2m---[0;39m [2m[nio-9999-exec-2][0;39m [36mc.s.vue.controller.HouseMapController   [0;39m [2m:[0;39m sido : [SidoGugunCodeDto [sidoCode=11, sidoName=서울특별시, gugunCode=null, gugunName=null], SidoGugunCodeDto [sidoCode=26, sidoName=부산광역시, gugunCode=null, gugunName=null], SidoGugunCodeDto [sidoCode=27, sidoName=대구광역시, gugunCode=null, gugunName=null], SidoGugunCodeDto [sidoCode=28, sidoName=인천광역시, gugunCode=null, gugunName=null], SidoGugunCodeDto [sidoCode=29, sidoName=광주광역시, gugunCode=null, gugunName=null], SidoGugunCodeDto [sidoCode=30, sidoName=대전광역시, gugunCode=null, gugunName=null], SidoGugunCodeDto [sidoCode=31, sidoName=울산광역시, gugunCode=null, gugunName=null], SidoGugunCodeDto [sidoCode=36, sidoName=세종특별자치시, gugunCode=null, gugunName=null], SidoGugunCodeDto [sidoCode=41, sidoName=경기도, gugunCode=null, gugunName=null], SidoGugunCodeDto [sidoCode=42, sidoName=강원도, gugunCode=null, gugunName=null], SidoGugunCodeDto [sidoCode=43, sidoName=충청북도, gugunCode=null, gugunName=null], SidoGugunCodeDto [sidoCode=44, sidoName=충청남도, gugunCode=null, gugunName=null], SidoGugunCodeDto [sidoCode=45, sidoName=전라북도, gugunCode=null, gugunName=null], SidoGugunCodeDto [sidoCode=46, sidoName=전라남도, gugunCode=null, gugunName=null], SidoGugunCodeDto [sidoCode=47, sidoName=경상북도, gugunCode=null, gugunName=null], SidoGugunCodeDto [sidoCode=48, sidoName=경상남도, gugunCode=null, gugunName=null], SidoGugunCodeDto [sidoCode=50, sidoName=제주특별자치도, gugunCode=null, gugunName=null]]
[2m2022-05-18 14:50:08.741[0;39m [32mDEBUG[0;39m [35m9464[0;39m [2m---[0;39m [2m[nio-9999-exec-3][0;39m [36mc.ssafy.vue.controller.BoardController  [0;39m [2m:[0;39m retrieveBoard - 호출
[2m2022-05-18 14:54:53.750[0;39m [32mDEBUG[0;39m [35m9464[0;39m [2m---[0;39m [2m[nio-9999-exec-4][0;39m [36mc.ssafy.vue.controller.BoardController  [0;39m [2m:[0;39m detailBoard - 호출
[2m2022-05-18 14:54:57.346[0;39m [32mDEBUG[0;39m [35m9464[0;39m [2m---[0;39m [2m[nio-9999-exec-6][0;39m [36mc.ssafy.vue.controller.BoardController  [0;39m [2m:[0;39m retrieveBoard - 호출
[2m2022-05-18 15:55:49.863[0;39m [32m INFO[0;39m [35m9464[0;39m [2m---[0;39m [2m[n(82)-127.0.0.1][0;39m [36minMXBeanRegistrar$SpringApplicationAdmin[0;39m [2m:[0;39m Application shutdown requested.
[2m2022-05-18 22:41:28.286[0;39m [32m INFO[0;39m [35m16704[0;39m [2m---[0;39m [2m[  restartedMain][0;39m [36m.e.DevToolsPropertyDefaultsPostProcessor[0;39m [2m:[0;39m Devtools property defaults active! Set 'spring.devtools.add-properties' to 'false' to disable
[2m2022-05-18 22:41:28.289[0;39m [32m INFO[0;39m [35m16704[0;39m [2m---[0;39m [2m[  restartedMain][0;39m [36m.e.DevToolsPropertyDefaultsPostProcessor[0;39m [2m:[0;39m For additional web related logging consider setting the 'logging.level.web' property to 'DEBUG'
[2m2022-05-18 22:41:29.664[0;39m [32m INFO[0;39m [35m16704[0;39m [2m---[0;39m [2m[  restartedMain][0;39m [36mo.s.b.w.embedded.tomcat.TomcatWebServer [0;39m [2m:[0;39m Tomcat initialized with port(s): 9999 (http)
[2m2022-05-18 22:41:29.877[0;39m [32m INFO[0;39m [35m16704[0;39m [2m---[0;39m [2m[  restartedMain][0;39m [36mw.s.c.ServletWebServerApplicationContext[0;39m [2m:[0;39m Root WebApplicationContext: initialization completed in 1588 ms
[2m2022-05-18 22:41:30.626[0;39m [32m INFO[0;39m [35m16704[0;39m [2m---[0;39m [2m[  restartedMain][0;39m [36mo.s.b.d.a.OptionalLiveReloadServer      [0;39m [2m:[0;39m LiveReload server is running on port 35729
[2m2022-05-18 22:41:30.801[0;39m [32m INFO[0;39m [35m16704[0;39m [2m---[0;39m [2m[  restartedMain][0;39m [36mo.s.b.w.embedded.tomcat.TomcatWebServer [0;39m [2m:[0;39m Tomcat started on port(s): 9999 (http) with context path '/vue'
[2m2022-05-18 23:39:41.576[0;39m [32m INFO[0;39m [35m16704[0;39m [2m---[0;39m [2m[n(67)-127.0.0.1][0;39m [36minMXBeanRegistrar$SpringApplicationAdmin[0;39m [2m:[0;39m Application shutdown requested.
[2m2022-05-18 23:49:36.160[0;39m [32m INFO[0;39m [35m20360[0;39m [2m---[0;39m [2m[  restartedMain][0;39m [36m.e.DevToolsPropertyDefaultsPostProcessor[0;39m [2m:[0;39m Devtools property defaults active! Set 'spring.devtools.add-properties' to 'false' to disable
[2m2022-05-18 23:49:36.163[0;39m [32m INFO[0;39m [35m20360[0;39m [2m---[0;39m [2m[  restartedMain][0;39m [36m.e.DevToolsPropertyDefaultsPostProcessor[0;39m [2m:[0;39m For additional web related logging consider setting the 'logging.level.web' property to 'DEBUG'
[2m2022-05-18 23:49:37.508[0;39m [32m INFO[0;39m [35m20360[0;39m [2m---[0;39m [2m[  restartedMain][0;39m [36mo.s.b.w.embedded.tomcat.TomcatWebServer [0;39m [2m:[0;39m Tomcat initialized with port(s): 9999 (http)
[2m2022-05-18 23:49:37.726[0;39m [32m INFO[0;39m [35m20360[0;39m [2m---[0;39m [2m[  restartedMain][0;39m [36mw.s.c.ServletWebServerApplicationContext[0;39m [2m:[0;39m Root WebApplicationContext: initialization completed in 1562 ms
[2m2022-05-18 23:49:38.501[0;39m [32m INFO[0;39m [35m20360[0;39m [2m---[0;39m [2m[  restartedMain][0;39m [36mo.s.b.d.a.OptionalLiveReloadServer      [0;39m [2m:[0;39m LiveReload server is running on port 35729
[2m2022-05-18 23:49:38.705[0;39m [32m INFO[0;39m [35m20360[0;39m [2m---[0;39m [2m[  restartedMain][0;39m [36mo.s.b.w.embedded.tomcat.TomcatWebServer [0;39m [2m:[0;39m Tomcat started on port(s): 9999 (http) with context path '/vue'
